This is XeTeX, Version 3.1415926-2.2-0.9995.1 (MiKTeX 2.8) (preloaded format=xelatex 2014.3.17)  26 MAR 2014 00:41
entering extended mode
**huangbingliang.tex
(D:\gitrepo\CV\resume-zh\huangbingliang.tex
LaTeX2e <2009/09/24>
Babel <v3.8l> and hyphenation patterns for english, dumylang, nohyphenation, ge
rman, ngerman, german-x-2009-06-19, ngerman-x-2009-06-19, french, loaded.
(D:\gitrepo\CV\resume-zh\moderncv.cls
Document Class: moderncv 2008/06/17 v0.7 modern curriculum vitae document class

("D:\Program Files\CTEX\MiKTeX\tex\latex\base\size12.clo"
File: size12.clo 2007/10/19 v1.4h Standard LaTeX file (size option)
Requested font "cmr12" at 12.0pt
 -> cmr12
)
("D:\Program Files\CTEX\MiKTeX\tex\latex\base\ifthen.sty"
Package: ifthen 2001/05/26 v1.1c Standard LaTeX ifthen package (DPC)
)
("D:\Program Files\CTEX\MiKTeX\tex\generic\oberdiek\ifpdf.sty"
Package: ifpdf 2009/04/10 v2.0 Provides the ifpdf switch (HO)
Package ifpdf Info: pdfTeX in pdf mode not detected.
)
("D:\Program Files\CTEX\MiKTeX\tex\latex\graphics\color.sty"
Package: color 2005/11/14 v1.0j Standard LaTeX Color (DPC)

("D:\Program Files\CTEX\MiKTeX\tex\latex\00miktex\color.cfg"
File: color.cfg 2007/01/18 v1.5 color configuration of teTeX/TeXLive
)
Package color Info: Driver file: xetex.def on input line 130.

("D:\Program Files\CTEX\MiKTeX\tex\xelatex\xetex-def\xetex.def"
File: xetex.def 2006/08/10 v0.92 LaTeX color/graphics driver for XeTeX (RRM, mo
d. JK)
)
("D:\Program Files\CTEX\MiKTeX\tex\latex\graphics\dvipsnam.def"
File: dvipsnam.def 1999/02/16 v3.0i Driver-dependant file (DPC,SPQR)
))
("D:\Program Files\CTEX\MiKTeX\tex\latex\base\fontenc.sty"
Package: fontenc 2005/09/27 v1.99g Standard LaTeX package

("D:\Program Files\CTEX\MiKTeX\tex\latex\base\t1enc.def"
File: t1enc.def 2005/09/27 v1.99g Standard LaTeX file
LaTeX Font Info:    Redeclaring font encoding T1 on input line 43.
)
Requested font "ecrm1200" at 12.0pt
 -> ecrm1200
)
("D:\Program Files\CTEX\MiKTeX\tex\latex\marvosym\marvosym.sty"
Package: marvosym 2006/05/11 v2.1 Martin Vogel's Symbols font definitions
)
("D:\Program Files\CTEX\MiKTeX\tex\xelatex\xetexurl\url.sty"
\Urlmuskip=\muskip10
Package: url 2004/03/15  ver 3.1  Verb mode for urls, etc.
)
("D:\Program Files\CTEX\MiKTeX\tex\latex\hyperref\hyperref.sty"
Package: hyperref 2009/11/15 v6.79f Hypertext links for LaTeX

("D:\Program Files\CTEX\MiKTeX\tex\latex\graphics\keyval.sty"
Package: keyval 1999/03/16 v1.13 key=value parser (DPC)
\KV@toks@=\toks14
)
("D:\Program Files\CTEX\MiKTeX\tex\generic\oberdiek\ifvtex.sty"
Package: ifvtex 2008/11/04 v1.4 Switches for detecting VTeX and its modes (HO)
Package ifvtex Info: VTeX not detected.
)
("D:\Program Files\CTEX\MiKTeX\tex\latex\ifxetex\ifxetex.sty"
Package: ifxetex 2009/01/23 v0.5 Provides ifxetex conditional
)
("D:\Program Files\CTEX\MiKTeX\tex\latex\oberdiek\hycolor.sty"
Package: hycolor 2009/10/02 v1.5 Code for color options of hyperref/bookmark (H
O)

("D:\Program Files\CTEX\MiKTeX\tex\latex\oberdiek\xcolor-patch.sty"
Package: xcolor-patch 2009/10/02 xcolor patch
))
\@linkdim=\dimen102
\Hy@linkcounter=\count79
\Hy@pagecounter=\count80

("D:\Program Files\CTEX\MiKTeX\tex\latex\hyperref\pd1enc.def"
File: pd1enc.def 2009/11/15 v6.79f Hyperref: PDFDocEncoding definition (HO)
)
("D:\Program Files\CTEX\MiKTeX\tex\generic\oberdiek\etexcmds.sty"
Package: etexcmds 2007/12/12 v1.2 Prefix for e-TeX command names (HO)

("D:\Program Files\CTEX\MiKTeX\tex\generic\oberdiek\infwarerr.sty"
Package: infwarerr 2007/09/09 v1.2 Providing info/warning/message (HO)
)
Package etexcmds Info: Could not find \expanded.
(etexcmds)             That can mean that you are not using pdfTeX 1.50 or
(etexcmds)             that some package has redefined \expanded.
(etexcmds)             In the latter case, load this package earlier.
)
("D:\Program Files\CTEX\MiKTeX\tex\latex\00miktex\hyperref.cfg"
File: hyperref.cfg 2002/06/06 v1.2 hyperref configuration of TeXLive
)
("D:\Program Files\CTEX\MiKTeX\tex\latex\oberdiek\kvoptions.sty"
Package: kvoptions 2009/08/13 v3.4 Keyval support for LaTeX options (HO)

("D:\Program Files\CTEX\MiKTeX\tex\generic\oberdiek\kvsetkeys.sty"
Package: kvsetkeys 2009/07/30 v1.5 Key value parser with default handler suppor
t (HO)
))
Package hyperref Info: Hyper figures OFF on input line 2975.
Package hyperref Info: Link nesting OFF on input line 2980.
Package hyperref Info: Hyper index ON on input line 2983.
Package hyperref Info: Plain pages OFF on input line 2990.
Package hyperref Info: Backreferencing OFF on input line 2995.

Implicit mode ON; LaTeX internals redefined
Package hyperref Info: Bookmarks ON on input line 3191.
LaTeX Info: Redefining \url on input line 3428.
("D:\Program Files\CTEX\MiKTeX\tex\generic\oberdiek\bitset.sty"
Package: bitset 2007/09/28 v1.0 Data type bit set (HO)

("D:\Program Files\CTEX\MiKTeX\tex\generic\oberdiek\intcalc.sty"
Package: intcalc 2007/09/27 v1.1 Expandable integer calculations (HO)
)
("D:\Program Files\CTEX\MiKTeX\tex\generic\oberdiek\bigintcalc.sty"
Package: bigintcalc 2007/11/11 v1.1 Expandable big integer calculations (HO)

("D:\Program Files\CTEX\MiKTeX\tex\generic\oberdiek\pdftexcmds.sty"
Package: pdftexcmds 2009/09/23 v0.6 LuaTeX support for pdfTeX utility functions
 (HO)

("D:\Program Files\CTEX\MiKTeX\tex\generic\oberdiek\ifluatex.sty"
Package: ifluatex 2009/04/17 v1.2 Provides the ifluatex switch (HO)
Package ifluatex Info: LuaTeX not detected.
)
("D:\Program Files\CTEX\MiKTeX\tex\generic\oberdiek\ltxcmds.sty"
Package: ltxcmds 2009/08/05 v1.0 Some LaTeX kernel commands for general use (HO
)
)
Package pdftexcmds Info: LuaTeX not detected.
Package pdftexcmds Info: pdfTeX >= 1.30 not detected.
Package pdftexcmds Info: \pdf@primitive is available.
Package pdftexcmds Info: \pdf@ifprimitive is available.
)))
\Fld@menulength=\count81
\Field@Width=\dimen103
\Fld@charsize=\dimen104
\Field@toks=\toks15
Package hyperref Info: Hyper figures OFF on input line 4377.
Package hyperref Info: Link nesting OFF on input line 4382.
Package hyperref Info: Hyper index ON on input line 4385.
Package hyperref Info: backreferencing OFF on input line 4392.
Package hyperref Info: Link coloring OFF on input line 4397.
Package hyperref Info: Link coloring with OCG OFF on input line 4402.
Package hyperref Info: PDF/A mode OFF on input line 4407.

("D:\Program Files\CTEX\MiKTeX\tex\generic\oberdiek\atbegshi.sty"
Package: atbegshi 2008/07/31 v1.9 At begin shipout hook (HO)
)

Package hyperref Warning: Option `pdfpagelabels' is turned off
(hyperref)                because \thepage is undefined.

\c@Item=\count82
\c@Hfootnote=\count83
)

Package hyperref Warning: Wrong driver `hdvips.def';
(hyperref)                XeTeX is running.
(hyperref)                Forcing driver `hdvipdfm.def' for XeTeX.

*hyperref using driver hdvipdfm*
("D:\Program Files\CTEX\MiKTeX\tex\latex\hyperref\hdvipdfm.def"
File: hdvipdfm.def 2009/11/15 v6.79f Hyperref driver for dvipdfm
\pdfm@box=\box26
\c@Hy@AnnotLevel=\count84
\HyField@AnnotCount=\count85
\Fld@listcount=\count86
\c@bookmark@seq@number=\count87
)
Package hyperref Info: Option `breaklinks' set `true' on input line 134.

("D:\Program Files\CTEX\MiKTeX\tex\latex\graphics\graphicx.sty"
Package: graphicx 1999/02/16 v1.0f Enhanced LaTeX Graphics (DPC,SPQR)

("D:\Program Files\CTEX\MiKTeX\tex\latex\graphics\graphics.sty"
Package: graphics 2009/02/05 v1.0o Standard LaTeX Graphics (DPC,SPQR)

("D:\Program Files\CTEX\MiKTeX\tex\latex\graphics\trig.sty"
Package: trig 1999/03/16 v1.09 sin cos tan (DPC)
)
("D:\Program Files\CTEX\MiKTeX\tex\latex\00miktex\graphics.cfg"
File: graphics.cfg 2007/01/18 v1.5 graphics configuration of teTeX/TeXLive
)
Package graphics Info: Driver file: xetex.def on input line 91.
)
\Gin@req@height=\dimen105
\Gin@req@width=\dimen106
)
("D:\Program Files\CTEX\MiKTeX\tex\latex\fancyhdr\fancyhdr.sty"
\fancy@headwidth=\skip41
\f@ncyO@elh=\skip42
\f@ncyO@erh=\skip43
\f@ncyO@olh=\skip44
\f@ncyO@orh=\skip45
\f@ncyO@elf=\skip46
\f@ncyO@erf=\skip47
\f@ncyO@olf=\skip48
\f@ncyO@orf=\skip49
)
(D:\gitrepo\CV\resume-zh\moderncvcompatibility.sty
Package: moderncvcompatibility 2008/06/17 v0.7 modern curriculum vitae compatib
ility patches
)
\quotewidth=\skip50
\hintscolumnwidth=\skip51
\separatorcolumnwidth=\skip52
\maincolumnwidth=\skip53
\doubleitemmaincolumnwidth=\skip54
\listitemsymbolwidth=\skip55
LaTeX Font Info:    Try loading font information for OMS+cmr on input line 257.


("D:\Program Files\CTEX\MiKTeX\tex\latex\base\omscmr.fd"
File: omscmr.fd 1999/05/25 v2.5h Standard LaTeX font definitions
)
LaTeX Font Info:    Font shape `OMS/cmr/m/n' in size <12> not available
(Font)              Font shape `OMS/cmsy/m/n' tried instead on input line 257.
Requested font "cmsy10" at 12.0pt
 -> cmsy10
\listitemmaincolumnwidth=\skip56
\listdoubleitemmaincolumnwidth=\skip57
\bibindent=\skip58
)
("D:\Program Files\CTEX\MiKTeX\tex\latex\lm\lmodern.sty"
Package: lmodern 2009/10/30 v1.6 Latin Modern Fonts
LaTeX Font Info:    Overwriting symbol font `operators' in version `normal'
(Font)                  OT1/cmr/m/n --> OT1/lmr/m/n on input line 22.
LaTeX Font Info:    Overwriting symbol font `letters' in version `normal'
(Font)                  OML/cmm/m/it --> OML/lmm/m/it on input line 23.
LaTeX Font Info:    Overwriting symbol font `symbols' in version `normal'
(Font)                  OMS/cmsy/m/n --> OMS/lmsy/m/n on input line 24.
LaTeX Font Info:    Overwriting symbol font `largesymbols' in version `normal'
(Font)                  OMX/cmex/m/n --> OMX/lmex/m/n on input line 25.
LaTeX Font Info:    Overwriting symbol font `operators' in version `bold'
(Font)                  OT1/cmr/bx/n --> OT1/lmr/bx/n on input line 26.
LaTeX Font Info:    Overwriting symbol font `letters' in version `bold'
(Font)                  OML/cmm/b/it --> OML/lmm/b/it on input line 27.
LaTeX Font Info:    Overwriting symbol font `symbols' in version `bold'
(Font)                  OMS/cmsy/b/n --> OMS/lmsy/b/n on input line 28.
LaTeX Font Info:    Overwriting symbol font `largesymbols' in version `bold'
(Font)                  OMX/cmex/m/n --> OMX/lmex/m/n on input line 29.
LaTeX Font Info:    Overwriting math alphabet `\mathbf' in version `normal'
(Font)                  OT1/cmr/bx/n --> OT1/lmr/bx/n on input line 31.
LaTeX Font Info:    Overwriting math alphabet `\mathsf' in version `normal'
(Font)                  OT1/cmss/m/n --> OT1/lmss/m/n on input line 32.
LaTeX Font Info:    Overwriting math alphabet `\mathit' in version `normal'
(Font)                  OT1/cmr/m/it --> OT1/lmr/m/it on input line 33.
LaTeX Font Info:    Overwriting math alphabet `\mathtt' in version `normal'
(Font)                  OT1/cmtt/m/n --> OT1/lmtt/m/n on input line 34.
LaTeX Font Info:    Overwriting math alphabet `\mathbf' in version `bold'
(Font)                  OT1/cmr/bx/n --> OT1/lmr/bx/n on input line 35.
LaTeX Font Info:    Overwriting math alphabet `\mathsf' in version `bold'
(Font)                  OT1/cmss/bx/n --> OT1/lmss/bx/n on input line 36.
LaTeX Font Info:    Overwriting math alphabet `\mathit' in version `bold'
(Font)                  OT1/cmr/bx/it --> OT1/lmr/bx/it on input line 37.
LaTeX Font Info:    Overwriting math alphabet `\mathtt' in version `bold'
(Font)                  OT1/cmtt/m/n --> OT1/lmtt/m/n on input line 38.
)
("D:\Program Files\CTEX\MiKTeX\tex\xelatex\fontspec\fontspec.sty"
Package: fontspec 2008/08/09 v1.18 Advanced font selection for XeLaTeX
\c@zf@newff=\count88
\c@zf@index=\count89
\c@zf@script=\count90
\c@zf@language=\count91

("D:\Program Files\CTEX\MiKTeX\tex\latex\tools\calc.sty"
Package: calc 2007/08/22 v4.3 Infix arithmetic (KKT,FJ)
\calc@Acount=\count92
\calc@Bcount=\count93
\calc@Adimen=\dimen107
\calc@Bdimen=\dimen108
\calc@Askip=\skip59
\calc@Bskip=\skip60
LaTeX Info: Redefining \setlength on input line 76.
LaTeX Info: Redefining \addtolength on input line 77.
\calc@Ccount=\count94
\calc@Cskip=\skip61
)
("D:\Program Files\CTEX\MiKTeX\tex\latex\xkeyval\xkeyval.sty"
Package: xkeyval 2008/08/13 v2.6a package option processing (HA)

("D:\Program Files\CTEX\MiKTeX\tex\generic\xkeyval\xkeyval.tex"
\XKV@toks=\toks16
\XKV@tempa@toks=\toks17
\XKV@depth=\count95
File: xkeyval.tex 2008/08/13 v2.6a key=value parser (HA)
))
("D:\Program Files\CTEX\MiKTeX\tex\latex\base\fontenc.sty"
Package: fontenc 2005/09/27 v1.99g Standard LaTeX package

("D:\Program Files\CTEX\MiKTeX\tex\xelatex\euenc\eu1enc.def"
File: eu1enc.def 2008/03/08 v0.1d Experimental unicode font encoding
)
LaTeX Font Info:    Try loading font information for EU1+lmr on input line 100.


("D:\Program Files\CTEX\MiKTeX\tex\xelatex\euenc\eu1lmr.fd"
File: eu1lmr.fd 2007/01/14 v1.3 Font defs for Latin Modern
)
Requested font "[lmroman10-regular]:mapping=tex-text" at 10.0pt
 -> D:/Program Files/CTEX/MiKTeX/fonts/opentype/public/lm/lmroman10-regular.otf
)
LaTeX Info: Redefining \itshape on input line 1163.
LaTeX Info: Redefining \slshape on input line 1166.
LaTeX Info: Redefining \scshape on input line 1169.
LaTeX Info: Redefining \upshape on input line 1172.

fontspec.cfg loaded.
("D:\Program Files\CTEX\MiKTeX\tex\xelatex\fontspec\fontspec.cfg"))
("D:\Program Files\CTEX\MiKTeX\tex\xelatex\xunicode\xunicode.sty"
File: xunicode.sty 2008/02/08 v0.91 provides access to latin accents and many o
ther characters in Unicode lower plane
)
("D:\Program Files\CTEX\MiKTeX\tex\xelatex\xltxtra\xltxtra.sty"
Package: xltxtra 2009/10/25 v0.5a Improvements for the "XeLaTeX" format

("D:\Program Files\CTEX\MiKTeX\tex\latex\metalogo\metalogo.sty"
Package: metalogo 2009/09/04 v0.11 Extended TeX logo macros
\xl@everylogo=\toks18
\xl@@everylogo=\toks19
LaTeX Info: Redefining \TeX on input line 193.
LaTeX Info: Redefining \LaTeX on input line 202.
LaTeX Info: Redefining \LaTeXe on input line 219.
)
("D:\Program Files\CTEX\MiKTeX\tex\latex\misc\etex.sty"
Package: etex 1998/03/26 v2.0 eTeX basic definition package (PEB)
\et@xins=\count96
)
("D:\Program Files\CTEX\MiKTeX\tex\latex\base\fixltx2e.sty"
Package: fixltx2e 2006/09/13 v1.1m fixes to LaTeX
LaTeX Info: Redefining \em on input line 420.
)
LaTeX Info: Redefining \em on input line 51.
LaTeX Info: Redefining \emph on input line 60.
LaTeX Info: Redefining \- on input line 65.
LaTeX Info: Redefining \textsubscript on input line 84.
LaTeX Info: Redefining \textsuperscript on input line 86.
\xxt@tempbox=\box27
)
Requested font "Times New Roman" at 10.0pt
 -> C:/Windows/Fonts/times.ttf
Requested font "Times New Roman/ICU" at 10.0pt
 -> C:/Windows/Fonts/times.ttf
Package fontspec Info: Times New Roman scale = 0.96364 on input line 17.


Package fontspec Warning: 
    OpenType feature 'Numbers=OldStyle' (+onum) not available
    for font "Times New Roman/ICU", 
    with script 'Latin',
    and language 'Default'.
This warning occured on input line 17.

\c@zf@famc@Times New Roman=\count97
Package fontspec Info: Defining font family for 'Times New Roman' with options 
[Scale=MatchLowercase,Numbers=OldStyle,Mapping=tex-text] on input line 17.
Package fontspec Info: Times New Roman scale = 0.96364 on input line 17.

Package fontspec Warning: 
    OpenType feature 'Numbers=OldStyle' (+onum) not available
    for font "Times New Roman/ICU", 
    with script 'Latin',
    and language 'Default'.
This warning occured on input line 17.

Requested font "Times New Roman/B/ICU" at 10.0pt
 -> C:/Windows/Fonts/timesbd.ttf
Package fontspec Info: Times New Roman/B scale = 0.94405 on input line 17.

Package fontspec Warning: 
    OpenType feature 'Numbers=OldStyle' (+onum) not available
    for font "Times New Roman Bold/ICU", 
    with script 'Latin',
    and language 'Default'.
This warning occured on input line 17.

Requested font "Times New Roman/I/ICU" at 10.0pt
 -> C:/Windows/Fonts/timesi.ttf
Package fontspec Info: Times New Roman/I scale = 0.97534 on input line 17.

Package fontspec Warning: 
    OpenType feature 'Numbers=OldStyle' (+onum) not available
    for font "Times New Roman Italic/ICU", 
    with script 'Latin',
    and language 'Default'.
This warning occured on input line 17.

Requested font "Times New Roman/BI/ICU" at 10.0pt
 -> C:/Windows/Fonts/timesbi.ttf
Package fontspec Info: Times New Roman/BI scale = 0.9522 on input line 17.

Package fontspec Warning: 
    OpenType feature 'Numbers=OldStyle' (+onum) not available
    for font "Times New Roman Bold Italic/ICU", 
    with script 'Latin',
    and language 'Default'.
This warning occured on input line 17.

LaTeX Font Info:    Font shape `EU1/TimesNewRoman(0)/m/n' will be
(Font)              scaled to size 9.63638pt on input line 17.
Requested font "Times New Roman/ICU:mapping=tex-text," at 9.63638pt
 -> C:/Windows/Fonts/times.ttf
Package fontspec Info: Times New Roman scale = 0.96364 on input line 18.
Package fontspec Info: Times New Roman scale = 0.96364 on input line 19.
Package fontspec Info: Defining font family for 'Times New Roman' with options 
[Scale=MatchLowercase,] on input line 19.
Package fontspec Info: Times New Roman scale = 0.96364 on input line 19.
Requested font "Times New Roman/B/ICU" at 10.0pt
 -> C:/Windows/Fonts/timesbd.ttf
Package fontspec Info: Times New Roman/B scale = 0.94406 on input line 19.
Requested font "Times New Roman/I/ICU" at 10.0pt
 -> C:/Windows/Fonts/timesi.ttf
Package fontspec Info: Times New Roman/I scale = 0.97536 on input line 19.
Requested font "Times New Roman/BI/ICU" at 10.0pt
 -> C:/Windows/Fonts/timesbi.ttf
Package fontspec Info: Times New Roman/BI scale = 0.95221 on input line 19.
("D:\Program Files\CTEX\CTeX\tex\xelatex\xecjk\xeCJK.sty"
Package: xeCJK 2009/09/12 2.3.8
\xeCJK@cnta=\count98
\xeCJK@cntb=\count99
\xeCJK@cntc=\count100
\xeCJK@cntd=\count101
\xeCJK@cnte=\count102
\xeCJK@dima=\dimen109
LaTeX Info: Redefining \rmfamily on input line 732.
LaTeX Info: Redefining \sffamily on input line 736.
LaTeX Info: Redefining \ttfamily on input line 740.
\xeCJK@featureadded=\count103

("D:\Program Files\CTEX\MiKTeX\tex\latex\cjk\CJKnumb.sty"
Package: CJKnumb 2008/12/29 4.8.2
\CJK@q=\count104
\CJK@r=\count105
))
Requested font "SimSun" at 10.0pt
 -> D:/Program Files/CTEX/CTeX/fonts/truetype/chinese/simsun.ttf
Requested font "SimSun/ICU" at 10.0pt
 -> D:/Program Files/CTEX/CTeX/fonts/truetype/chinese/simsun.ttf
Package fontspec Info: SimSun scale = 0.95117 on input line 23.
\c@zf@famc@SimSun=\count106
Package fontspec Info: Defining font family for 'SimSun'with options [Scale=Mat
chLowercase,,BoldItalicFont={SimHei},BoldItalicFeatures={RawFeature={slant=0.17
}},BoldFont={SimHei}, ItalicFont={KaiTi}] on input line 23.
Package fontspec Info: SimSun scale = 0.95117 on input line 23.
Requested font "SimHei/ICU" at 10.0pt
 -> C:/Windows/Fonts/simhei.ttf
Package fontspec Info: SimHei scale = 0.94305 on input line 23.
Requested font "KaiTi/ICU" at 10.0pt
 -> C:/Windows/Fonts/simkai.ttf
Package fontspec Info: KaiTi scale = 0.94305 on input line 23.
Package fontspec Info: SimHei scale = 0.94305 on input line 23.
Package fontspec Info: SimSun scale = 0.95117 on input line 23.
Package fontspec Info: SimHei scale = 0.94305 on input line 23.
LaTeX Info: Redefining \xeCJK@font@rm on input line 23.
Requested font "KaiTi" at 10.0pt
 -> C:/Windows/Fonts/simkai.ttf
Package fontspec Info: KaiTi scale = 0.94305 on input line 24.
\c@zf@famc@KaiTi=\count107
Package fontspec Info: Defining font family for 'KaiTi'with options [Scale=Matc
hLowercase,BoldFont={KaiTi},BoldFeatures={RawFeature={embolden=4}},ItalicFont={
KaiTi},ItalicFeatures={RawFeature={slant=0.17}},BoldItalicFont={KaiTi},BoldItal
icFeatures={RawFeature={embolden=4,slant=0.17}}] on input line 24.
Package fontspec Info: KaiTi scale = 0.94305 on input line 24.
Package fontspec Info: KaiTi scale = 0.94305 on input line 24.
Package fontspec Info: KaiTi scale = 0.94305 on input line 24.
Package fontspec Info: KaiTi scale = 0.94305 on input line 24.
Package fontspec Info: KaiTi scale = 0.94305 on input line 24.
Package fontspec Info: KaiTi scale = 0.94305 on input line 24.
Requested font "STFangsong" at 10.0pt
 -> C:/Windows/Fonts/STFANGSO.TTF
Requested font "STFangsong/ICU" at 10.0pt
 -> C:/Windows/Fonts/STFANGSO.TTF
Package fontspec Info: STFangsong scale = 1.1224 on input line 25.
\c@zf@famc@STFangsong=\count108
Package fontspec Info: Defining font family for 'STFangsong'with options [Scale
=MatchLowercase,BoldFont={STFangsong},BoldFeatures={RawFeature={embolden=4}},It
alicFont={STFangsong},ItalicFeatures={RawFeature={slant=0.17}},BoldItalicFont={
STFangsong},BoldItalicFeatures={RawFeature={embolden=4,slant=0.17}}] on input l
ine 25.
Package fontspec Info: STFangsong scale = 1.1224 on input line 25.
Package fontspec Info: STFangsong scale = 1.1224 on input line 25.
Package fontspec Info: STFangsong scale = 1.1224 on input line 25.
Package fontspec Info: STFangsong scale = 1.1224 on input line 25.
Package fontspec Info: STFangsong scale = 1.1224 on input line 25.
Package fontspec Info: STFangsong scale = 1.1224 on input line 25.
Package fontspec Info: SimSun scale = 0.95117 on input line 28.
Package fontspec Info: Defining font family for 'SimSun'with options [Scale=Mat
chLowercase,BoldFont={SimSun},BoldFeatures={RawFeature={embolden=4}},ItalicFont
={SimSun},ItalicFeatures={RawFeature={slant=0.17}},BoldItalicFont={SimSun},Bold
ItalicFeatures={RawFeature={embolden=4,slant=0.17}}] on input line 28.
Package fontspec Info: SimSun scale = 0.95117 on input line 28.
Package fontspec Info: SimSun scale = 0.95117 on input line 28.
Package fontspec Info: SimSun scale = 0.95117 on input line 28.
Package fontspec Info: SimSun scale = 0.95117 on input line 28.
Package fontspec Info: SimSun scale = 0.95117 on input line 28.
Package fontspec Info: SimSun scale = 0.95117 on input line 28.
Package fontspec Info: KaiTi scale = 0.94305 on input line 29.
Requested font "SimHei" at 10.0pt
 -> C:/Windows/Fonts/simhei.ttf
Package fontspec Info: SimHei scale = 0.94305 on input line 30.
\c@zf@famc@SimHei=\count109
Package fontspec Info: Defining font family for 'SimHei'with options [Scale=Mat
chLowercase,BoldFont={SimHei},BoldFeatures={RawFeature={embolden=4}},ItalicFont
={SimHei},ItalicFeatures={RawFeature={slant=0.17}},BoldItalicFont={SimHei},Bold
ItalicFeatures={RawFeature={embolden=4,slant=0.17}}] on input line 30.
Package fontspec Info: SimHei scale = 0.94305 on input line 30.
Package fontspec Info: SimHei scale = 0.94305 on input line 30.
Package fontspec Info: SimHei scale = 0.94305 on input line 30.
Package fontspec Info: SimHei scale = 0.94305 on input line 30.
Package fontspec Info: SimHei scale = 0.94305 on input line 30.
Package fontspec Info: SimHei scale = 0.94305 on input line 30.
Requested font "FZYaoTi" at 10.0pt
 -> C:/Windows/Fonts/FZYTK.TTF
Requested font "FZYaoTi/ICU" at 10.0pt
 -> C:/Windows/Fonts/FZYTK.TTF
Package fontspec Info: FZYaoTi scale = 0.77702 on input line 31.
\c@zf@famc@FZYaoTi=\count110
Package fontspec Info: Defining font family for 'FZYaoTi'with options [Scale=Ma
tchLowercase,BoldFont={FZYaoTi},BoldFeatures={RawFeature={embolden=4}},ItalicFo
nt={FZYaoTi},ItalicFeatures={RawFeature={slant=0.17}},BoldItalicFont={FZYaoTi},
BoldItalicFeatures={RawFeature={embolden=4,slant=0.17}}] on input line 31.
Package fontspec Info: FZYaoTi scale = 0.77702 on input line 31.
Package fontspec Info: FZYaoTi scale = 0.77702 on input line 31.
Package fontspec Info: FZYaoTi scale = 0.77702 on input line 31.
Package fontspec Info: FZYaoTi scale = 0.77702 on input line 31.
Package fontspec Info: FZYaoTi scale = 0.77702 on input line 31.
Package fontspec Info: FZYaoTi scale = 0.77702 on input line 31.
Requested font "STKaiti" at 10.0pt
 -> C:/Windows/Fonts/STKAITI.TTF
Requested font "STKaiti/ICU" at 10.0pt
 -> C:/Windows/Fonts/STKAITI.TTF
Package fontspec Info: STKaiti scale = 1.1224 on input line 32.
\c@zf@famc@STKaiti=\count111
Package fontspec Info: Defining font family for 'STKaiti'with options [Scale=Ma
tchLowercase,BoldFont={STKaiti},BoldFeatures={RawFeature={embolden=4}},ItalicFo
nt={STKaiti},ItalicFeatures={RawFeature={slant=0.17}},BoldItalicFont={STKaiti},
BoldItalicFeatures={RawFeature={embolden=4,slant=0.17}}] on input line 32.
Package fontspec Info: STKaiti scale = 1.1224 on input line 32.
Package fontspec Info: STKaiti scale = 1.1224 on input line 32.
Package fontspec Info: STKaiti scale = 1.1224 on input line 32.
Package fontspec Info: STKaiti scale = 1.1224 on input line 32.
Package fontspec Info: STKaiti scale = 1.1224 on input line 32.
Package fontspec Info: STKaiti scale = 1.1224 on input line 32.
Package fontspec Info: STFangsong scale = 1.1224 on input line 33.
Requested font "STSong" at 10.0pt
 -> C:/Windows/Fonts/STSONG.TTF
Requested font "STSong/ICU" at 10.0pt
 -> C:/Windows/Fonts/STSONG.TTF
Package fontspec Info: STSong scale = 1.1224 on input line 34.
\c@zf@famc@STSong=\count112
Package fontspec Info: Defining font family for 'STSong'with options [Scale=Mat
chLowercase,BoldFont={STSong},BoldFeatures={RawFeature={embolden=4}},ItalicFont
={STSong},ItalicFeatures={RawFeature={slant=0.17}},BoldItalicFont={STSong},Bold
ItalicFeatures={RawFeature={embolden=4,slant=0.17}}] on input line 34.
Package fontspec Info: STSong scale = 1.1224 on input line 34.
Package fontspec Info: STSong scale = 1.1224 on input line 34.
Package fontspec Info: STSong scale = 1.1224 on input line 34.
Package fontspec Info: STSong scale = 1.1224 on input line 34.
Package fontspec Info: STSong scale = 1.1224 on input line 34.
Package fontspec Info: STSong scale = 1.1224 on input line 34.
Requested font "FangSong" at 10.0pt
 -> C:/Windows/Fonts/simfang.ttf
Requested font "FangSong/ICU" at 10.0pt
 -> C:/Windows/Fonts/simfang.ttf
Package fontspec Info: FangSong scale = 0.98515 on input line 35.
\c@zf@famc@FangSong=\count113
Package fontspec Info: Defining font family for 'FangSong'with options [Scale=M
atchLowercase,BoldFont={FangSong},BoldFeatures={RawFeature={embolden=4}},Italic
Font={FangSong},ItalicFeatures={RawFeature={slant=0.17}},BoldItalicFont={FangSo
ng},BoldItalicFeatures={RawFeature={embolden=4,slant=0.17}}] on input line 35.
Package fontspec Info: FangSong scale = 0.98515 on input line 35.
Package fontspec Info: FangSong scale = 0.98515 on input line 35.
Package fontspec Info: FangSong scale = 0.98515 on input line 35.
Package fontspec Info: FangSong scale = 0.98515 on input line 35.
Package fontspec Info: FangSong scale = 0.98515 on input line 35.
Package fontspec Info: FangSong scale = 0.98515 on input line 35.
Package fontspec Info: SimHei scale = 0.94305 on input line 36.

("D:\Program Files\CTEX\MiKTeX\tex\latex\geometry\geometry.sty"
Package: geometry 2008/12/21 v4.2 Page Geometry
\Gm@cnth=\count114
\Gm@cntv=\count115
\c@Gm@tempcnt=\count116
\Gm@bindingoffset=\dimen110
\Gm@wd@mp=\dimen111
\Gm@odd@mp=\dimen112
\Gm@even@mp=\dimen113
\Gm@dimlist=\toks20

("D:\Program Files\CTEX\MiKTeX\tex\xelatex\xetexconfig\geometry.cfg"))
(D:\gitrepo\CV\resume-zh\huangbingliang.aux)
LaTeX Font Info:    Checking defaults for OML/cmm/m/it on input line 95.
LaTeX Font Info:    ... okay on input line 95.
LaTeX Font Info:    Checking defaults for T1/cmr/m/n on input line 95.
LaTeX Font Info:    ... okay on input line 95.
LaTeX Font Info:    Checking defaults for OT1/cmr/m/n on input line 95.
LaTeX Font Info:    ... okay on input line 95.
LaTeX Font Info:    Checking defaults for OMS/cmsy/m/n on input line 95.
LaTeX Font Info:    ... okay on input line 95.
LaTeX Font Info:    Checking defaults for OMX/cmex/m/n on input line 95.
LaTeX Font Info:    ... okay on input line 95.
LaTeX Font Info:    Checking defaults for U/cmr/m/n on input line 95.
LaTeX Font Info:    ... okay on input line 95.
LaTeX Font Info:    Checking defaults for PD1/pdf/m/n on input line 95.
LaTeX Font Info:    ... okay on input line 95.
LaTeX Font Info:    Checking defaults for EU1/lmr/m/n on input line 95.
LaTeX Font Info:    ... okay on input line 95.
LaTeX Font Info:    Font shape `EU1/TimesNewRoman(0)/m/n' will be
(Font)              scaled to size 11.56366pt on input line 95.
Requested font "Times New Roman/ICU:mapping=tex-text," at 11.56366pt
 -> C:/Windows/Fonts/times.ttf
Package hyperref Info: Link coloring OFF on input line 95.

("D:\Program Files\CTEX\MiKTeX\tex\latex\hyperref\nameref.sty"
Package: nameref 2007/05/29 v2.31 Cross-referencing by name of section

("D:\Program Files\CTEX\MiKTeX\tex\latex\oberdiek\refcount.sty"
Package: refcount 2008/08/11 v3.1 Data extraction from references (HO)
)
\c@section@level=\count117
)
LaTeX Info: Redefining \ref on input line 95.
LaTeX Info: Redefining \pageref on input line 95.

(D:\gitrepo\CV\resume-zh\huangbingliang.out)
(D:\gitrepo\CV\resume-zh\huangbingliang.out)
\@outlinefile=\write3
\AtBeginShipoutBox=\box28

(D:\gitrepo\CV\resume-zh\moderncvthemehbl.sty

LaTeX Warning: You have requested package `moderncvthemehbl',
               but the package provides `moderncvthemehht'.

Package: moderncvthemehht 2008/06/17 v0.7 modern curriculum vitae style: hht
Package color Info: Redefining color firstnamecolor on input line 62.
Package color Info: Redefining color familynamecolor on input line 63.
Package color Info: Redefining color quotecolor on input line 64.
Package color Info: Redefining color addresscolor on input line 65.
Package color Info: Redefining color sectionrectanglecolor on input line 67.
Package color Info: Redefining color sectiontitlecolor on input line 68.
Package color Info: Redefining color subsectioncolor on input line 69.
)

Package hyperref Warning: Token not allowed in a PDF string (PDFDocEncoding):
(hyperref)                removing `\<def>-command' on input line 95.


Package hyperref Warning: Token not allowed in a PDF string (PDFDocEncoding):
(hyperref)                removing `\xeCJK@family' on input line 95.


Package hyperref Warning: Token not allowed in a PDF string (PDFDocEncoding):
(hyperref)                removing `\<def>-command' on input line 95.


Package hyperref Warning: Token not allowed in a PDF string (PDFDocEncoding):
(hyperref)                removing `\xeCJK@family' on input line 95.


Package hyperref Warning: Token not allowed in a PDF string (PDFDocEncoding):
(hyperref)                removing `\<def>-command' on input line 95.


Package hyperref Warning: Token not allowed in a PDF string (PDFDocEncoding):
(hyperref)                removing `\xeCJK@family' on input line 95.

Package fontspec Info: Adjusting the maths setup (use [no-math] to avoid this).
 on input line 95.
\symlegacymaths=\mathgroup4
LaTeX Font Info:    Overwriting symbol font `legacymaths' in version `bold'
(Font)                  OT1/cmr/m/n --> OT1/cmr/bx/n on input line 95.
LaTeX Font Info:    Redeclaring math accent \acute on input line 95.
LaTeX Font Info:    Redeclaring math accent \grave on input line 95.
LaTeX Font Info:    Redeclaring math accent \ddot on input line 95.
LaTeX Font Info:    Redeclaring math accent \tilde on input line 95.
LaTeX Font Info:    Redeclaring math accent \bar on input line 95.
LaTeX Font Info:    Redeclaring math accent \breve on input line 95.
LaTeX Font Info:    Redeclaring math accent \check on input line 95.
LaTeX Font Info:    Redeclaring math accent \hat on input line 95.
LaTeX Font Info:    Redeclaring math accent \dot on input line 95.
LaTeX Font Info:    Redeclaring math accent \mathring on input line 95.
LaTeX Font Info:    Redeclaring math symbol \colon on input line 95.
LaTeX Font Info:    Redeclaring math symbol \Gamma on input line 95.
LaTeX Font Info:    Redeclaring math symbol \Delta on input line 95.
LaTeX Font Info:    Redeclaring math symbol \Theta on input line 95.
LaTeX Font Info:    Redeclaring math symbol \Lambda on input line 95.
LaTeX Font Info:    Redeclaring math symbol \Xi on input line 95.
LaTeX Font Info:    Redeclaring math symbol \Pi on input line 95.
LaTeX Font Info:    Redeclaring math symbol \Sigma on input line 95.
LaTeX Font Info:    Redeclaring math symbol \Upsilon on input line 95.
LaTeX Font Info:    Redeclaring math symbol \Phi on input line 95.
LaTeX Font Info:    Redeclaring math symbol \Psi on input line 95.
LaTeX Font Info:    Redeclaring math symbol \Omega on input line 95.
LaTeX Font Info:    Redeclaring math symbol \mathdollar on input line 95.
LaTeX Font Info:    Redeclaring symbol font `operators' on input line 95.
LaTeX Font Info:    Encoding `OT1' has changed to `EU1' for symbol font
(Font)              `operators' in the math version `normal' on input line 95.
LaTeX Font Info:    Overwriting symbol font `operators' in version `normal'
(Font)                  OT1/lmr/m/n --> EU1/TimesNewRoman(0)/m/n on input line 
95.
LaTeX Font Info:    Encoding `OT1' has changed to `EU1' for symbol font
(Font)              `operators' in the math version `bold' on input line 95.
LaTeX Font Info:    Overwriting symbol font `operators' in version `bold'
(Font)                  OT1/lmr/bx/n --> EU1/TimesNewRoman(0)/m/n on input line
 95.
LaTeX Font Info:    Overwriting symbol font `operators' in version `normal'
(Font)                  EU1/TimesNewRoman(0)/m/n --> EU1/TimesNewRoman(0)/m/n o
n input line 95.
LaTeX Font Info:    Overwriting math alphabet `\mathrm' in version `normal'
(Font)                  EU1/TimesNewRoman(0)/m/n --> EU1/TimesNewRoman(0)/m/n o
n input line 95.
LaTeX Font Info:    Overwriting math alphabet `\mathit' in version `normal'
(Font)                  OT1/lmr/m/it --> EU1/TimesNewRoman(0)/m/it on input lin
e 95.
LaTeX Font Info:    Overwriting math alphabet `\mathbf' in version `normal'
(Font)                  OT1/lmr/bx/n --> EU1/TimesNewRoman(0)/bx/n on input lin
e 95.
LaTeX Font Info:    Overwriting math alphabet `\mathsf' in version `normal'
(Font)                  OT1/lmss/m/n --> EU1/TimesNewRoman(0)/m/n on input line
 95.
LaTeX Font Info:    Overwriting math alphabet `\mathtt' in version `normal'
(Font)                  OT1/lmtt/m/n --> EU1/pcr/m/n on input line 95.
LaTeX Font Info:    Overwriting symbol font `operators' in version `bold'
(Font)                  EU1/TimesNewRoman(0)/m/n --> EU1/TimesNewRoman(0)/bx/n 
on input line 95.
LaTeX Font Info:    Overwriting math alphabet `\mathrm' in version `bold'
(Font)                  EU1/TimesNewRoman(0)/m/n --> EU1/TimesNewRoman(0)/bx/n 
on input line 95.
LaTeX Font Info:    Overwriting math alphabet `\mathit' in version `bold'
(Font)                  OT1/lmr/bx/it --> EU1/TimesNewRoman(0)/bx/it on input l
ine 95.
LaTeX Font Info:    Overwriting math alphabet `\mathsf' in version `bold'
(Font)                  OT1/lmss/bx/n --> EU1/TimesNewRoman(0)/bx/n on input li
ne 95.
LaTeX Font Info:    Overwriting math alphabet `\mathtt' in version `bold'
(Font)                  OT1/lmtt/m/n --> EU1/pcr/bx/n on input line 95.
*geometry detected driver: pdftex*
-------------------- Geometry parameters
paper: a4paper
landscape: --
twocolumn: --
twoside: --
asymmetric: --
h-parts: 59.74988pt, 0.8\paperwidth , 59.74988pt
v-parts: 67.60269pt, 0.8\paperheight , 101.4041pt
hmarginratio: 1:1
vmarginratio: 2:3
lines: --
heightrounded: --
bindingoffset: 0.0pt
truedimen: --
includehead: --
includefoot: --
includemp: --
driver: pdftex
-------------------- Page layout dimensions and switches
\paperwidth  597.50787pt
\paperheight 845.04684pt
\textwidth  478.00812pt
\textheight 676.04005pt
\oddsidemargin  -12.52011pt
\evensidemargin -12.52011pt
\topmargin  -41.6673pt
\headheight 12.0pt
\headsep    25.0pt
\footskip   30.0pt
\marginparwidth 25.0pt
\marginparsep   5.0pt
\columnsep  10.0pt
\skip\footins  10.8pt plus 4.0pt minus 2.0pt
\hoffset 0.0pt
\voffset 0.0pt
\mag 1000

(1in=72.27pt, 1cm=28.45pt)
-----------------------
File: xiaohui.jpg Graphic file (type QTm)
<use  "xiaohui.jpg" >
LaTeX Font Info:    Font shape `EU1/TimesNewRoman(0)/m/n' will be
(Font)              scaled to size 36.61826pt on input line 96.
Requested font "Times New Roman/ICU:mapping=tex-text," at 36.61826pt
 -> C:/Windows/Fonts/times.ttf
LaTeX Font Info:    Font shape `EU1/SimSun(1)/m/n' will be
(Font)              scaled to size 36.14453pt on input line 96.
Requested font "SimSun/ICU:" at 36.14453pt
 -> D:/Program Files/CTEX/CTeX/fonts/truetype/chinese/simsun.ttf
LaTeX Font Info:    Font shape `EU1/SimSun(1)/m/n' will be
(Font)              scaled to size 36.14453pt on input line 96.
Requested font "SimSun/ICU:" at 36.14453pt
 -> D:/Program Files/CTEX/CTeX/fonts/truetype/chinese/simsun.ttf
LaTeX Font Info:    Font shape `EU1/TimesNewRoman(0)/m/n' will be
(Font)              scaled to size 13.87637pt on input line 96.
Requested font "Times New Roman/ICU:mapping=tex-text," at 13.87637pt
 -> C:/Windows/Fonts/times.ttf
LaTeX Font Info:    Font shape `EU1/TimesNewRoman(0)/m/sl' in size <14.4> not a
vailable
(Font)              Font shape `EU1/TimesNewRoman(0)/m/it' tried instead on inp
ut line 96.
LaTeX Font Info:    Font shape `EU1/TimesNewRoman(0)/m/it' will be
(Font)              scaled to size 14.0449pt on input line 96.
Requested font "Times New Roman/I/ICU:mapping=tex-text," at 14.0449pt
 -> C:/Windows/Fonts/timesi.ttf
LaTeX Font Info:    Font shape `EU1/SimSun(0)/m/sl' will be
(Font)              scaled to size 13.69687pt on input line 96.
Requested font "SimSun/ICU:slant=0.167," at 13.69687pt
 -> D:/Program Files/CTEX/CTeX/fonts/truetype/chinese/simsun.ttf
LaTeX Font Info:    Font shape `EU1/SimSun(0)/m/sl' will be
(Font)              scaled to size 13.69687pt on input line 96.
LaTeX Font Info:    Font shape `EU1/TimesNewRoman(0)/m/n' will be
(Font)              scaled to size 7.7091pt on input line 96.
Requested font "Times New Roman/ICU:mapping=tex-text," at 7.7091pt
 -> C:/Windows/Fonts/times.ttf
LaTeX Font Info:    Font shape `EU1/TimesNewRoman(0)/m/n' will be
(Font)              scaled to size 5.78183pt on input line 96.
Requested font "Times New Roman/ICU:mapping=tex-text," at 5.78183pt
 -> C:/Windows/Fonts/times.ttf
LaTeX Font Info:    Try loading font information for OML+lmm on input line 96.
 ("D:\Program Files\CTEX\MiKTeX\tex\latex\lm\omllmm.fd"
File: omllmm.fd 2009/10/30 v1.6 Font defs for Latin Modern
)
Requested font "lmmi12" at 12.0pt
 -> lmmi12
Requested font "lmmi8" at 8.0pt
 -> lmmi8
Requested font "lmmi6" at 6.0pt
 -> lmmi6
LaTeX Font Info:    Try loading font information for OMS+lmsy on input line 96.


("D:\Program Files\CTEX\MiKTeX\tex\latex\lm\omslmsy.fd"
File: omslmsy.fd 2009/10/30 v1.6 Font defs for Latin Modern
)
Requested font "lmsy10" at 12.0pt
 -> lmsy10
Requested font "lmsy8" at 8.0pt
 -> lmsy8
Requested font "lmsy6" at 6.0pt
 -> lmsy6
LaTeX Font Info:    Try loading font information for OMX+lmex on input line 96.


("D:\Program Files\CTEX\MiKTeX\tex\latex\lm\omxlmex.fd"
File: omxlmex.fd 2009/10/30 v1.6 Font defs for Latin Modern
)
LaTeX Font Info:    External font `lmex10' loaded for size
(Font)              <12> on input line 96.
Requested font "lmex10" scaled 1000
 -> lmex10
LaTeX Font Info:    External font `lmex10' loaded for size
(Font)              <8> on input line 96.
LaTeX Font Info:    External font `lmex10' loaded for size
(Font)              <6> on input line 96.
Requested font "cmr8" at 8.0pt
 -> cmr8
Requested font "cmr6" at 6.0pt
 -> cmr6


Package hyperref Warning: Token not allowed in a PDF string (PDFDocEncoding):
(hyperref)                removing `\<def>-command' on input line 98.


Package hyperref Warning: Token not allowed in a PDF string (PDFDocEncoding):
(hyperref)                removing `\xeCJK@family' on input line 98.

LaTeX Font Info:    Font shape `EU1/TimesNewRoman(0)/m/n' will be
(Font)              scaled to size 10.55183pt on input line 98.
Requested font "Times New Roman/ICU:mapping=tex-text," at 10.55183pt
 -> C:/Windows/Fonts/times.ttf
LaTeX Font Info:    Font shape `EU1/TimesNewRoman(0)/m/n' will be
(Font)              scaled to size 16.65166pt on input line 98.
Requested font "Times New Roman/ICU:mapping=tex-text," at 16.65166pt
 -> C:/Windows/Fonts/times.ttf
LaTeX Font Info:    Font shape `EU1/FangSong(0)/m/n' will be
(Font)              scaled to size 17.02344pt on input line 98.
Requested font "FangSong/ICU:" at 17.02344pt
 -> C:/Windows/Fonts/simfang.ttf
LaTeX Font Info:    Font shape `EU1/FangSong(0)/m/n' will be
(Font)              scaled to size 17.02344pt on input line 98.
Requested font "FangSong/ICU:" at 17.02344pt
 -> C:/Windows/Fonts/simfang.ttf
LaTeX Font Info:    Font shape `EU1/KaiTi(0)/m/n' will be
(Font)              scaled to size 10.32643pt on input line 99.
Requested font "KaiTi/ICU:" at 10.32643pt
 -> C:/Windows/Fonts/simkai.ttf
LaTeX Font Info:    Font shape `EU1/KaiTi(0)/m/n' will be
(Font)              scaled to size 10.32643pt on input line 99.
Requested font "KaiTi/ICU:" at 10.32643pt
 -> C:/Windows/Fonts/simkai.ttf
LaTeX Font Info:    Font shape `EU1/SimSun(0)/m/n' will be
(Font)              scaled to size 10.41533pt on input line 99.
Requested font "SimSun/ICU:" at 10.41533pt
 -> D:/Program Files/CTEX/CTeX/fonts/truetype/chinese/simsun.ttf
LaTeX Font Info:    Font shape `EU1/SimSun(0)/m/n' will be
(Font)              scaled to size 10.41533pt on input line 99.
Requested font "SimSun/ICU:" at 10.41533pt
 -> D:/Program Files/CTEX/CTeX/fonts/truetype/chinese/simsun.ttf

Package hyperref Warning: Token not allowed in a PDF string (PDFDocEncoding):
(hyperref)                removing `\<def>-command' on input line 105.


Package hyperref Warning: Token not allowed in a PDF string (PDFDocEncoding):
(hyperref)                removing `\xeCJK@family' on input line 105.

LaTeX Font Info:    Font shape `EU1/KaiTi(0)/m/n' will be
(Font)              scaled to size 10.32643pt on input line 106.
Requested font "KaiTi/ICU:" at 10.32643pt
 -> C:/Windows/Fonts/simkai.ttf
LaTeX Font Info:    Font shape `EU1/SimSun(0)/m/n' will be
(Font)              scaled to size 11.41406pt on input line 106.
Requested font "SimSun/ICU:" at 11.41406pt
 -> D:/Program Files/CTEX/CTeX/fonts/truetype/chinese/simsun.ttf
LaTeX Font Info:    Font shape `EU1/SimSun(0)/m/n' will be
(Font)              scaled to size 11.41406pt on input line 106.
Requested font "SimSun/ICU:" at 11.41406pt
 -> D:/Program Files/CTEX/CTeX/fonts/truetype/chinese/simsun.ttf

Package hyperref Warning: Token not allowed in a PDF string (PDFDocEncoding):
(hyperref)                removing `\<def>-command' on input line 111.


Package hyperref Warning: Token not allowed in a PDF string (PDFDocEncoding):
(hyperref)                removing `\xeCJK@family' on input line 111.


Package hyperref Warning: Token not allowed in a PDF string (PDFDocEncoding):
(hyperref)                removing `\<def>-command' on input line 115.


Package hyperref Warning: Token not allowed in a PDF string (PDFDocEncoding):
(hyperref)                removing `\xeCJK@family' on input line 115.

LaTeX Font Info:    Font shape `EU1/TimesNewRoman(0)/m/sl' in size <12> not ava
ilable
(Font)              Font shape `EU1/TimesNewRoman(0)/m/it' tried instead on inp
ut line 129.
LaTeX Font Info:    Font shape `EU1/TimesNewRoman(0)/m/it' will be
(Font)              scaled to size 11.7041pt on input line 129.
Requested font "Times New Roman/I/ICU:mapping=tex-text," at 11.7041pt
 -> C:/Windows/Fonts/timesi.ttf
LaTeX Font Info:    Font shape `EU1/SimSun(0)/m/sl' will be
(Font)              scaled to size 11.41406pt on input line 129.
Requested font "SimSun/ICU:slant=0.167," at 11.41406pt
 -> D:/Program Files/CTEX/CTeX/fonts/truetype/chinese/simsun.ttf
LaTeX Font Info:    Font shape `EU1/SimSun(0)/m/sl' will be
(Font)              scaled to size 11.41406pt on input line 129.
LaTeX Font Info:    Try loading font information for U+mvs on input line 129.
("D:\Program Files\CTEX\MiKTeX\tex\latex\marvosym\umvs.fd")
Requested font "umvs" at 12.0pt
 -> umvs
 [1

]

Package hyperref Warning: Token not allowed in a PDF string (PDFDocEncoding):
(hyperref)                removing `\<def>-command' on input line 133.


Package hyperref Warning: Token not allowed in a PDF string (PDFDocEncoding):
(hyperref)                removing `\xeCJK@family' on input line 133.


Package hyperref Warning: Token not allowed in a PDF string (PDFDocEncoding):
(hyperref)                removing `\<def>-command' on input line 148.


Package hyperref Warning: Token not allowed in a PDF string (PDFDocEncoding):
(hyperref)                removing `\xeCJK@family' on input line 148.


Package hyperref Warning: Token not allowed in a PDF string (PDFDocEncoding):
(hyperref)                removing `\<def>-command' on input line 156.


Package hyperref Warning: Token not allowed in a PDF string (PDFDocEncoding):
(hyperref)                removing `\xeCJK@family' on input line 156.

[2] (D:\gitrepo\CV\resume-zh\huangbingliang.aux) ) 
Here is how much of TeX's memory you used:
 9766 strings out of 430435
 153974 string characters out of 3189839
 267399 words of memory out of 3000000
 12741 multiletter control sequences out of 15000+200000
 8488 words of font info for 66 fonts, out of 3000000 for 9000
 14 hyphenation exceptions out of 8191
 45i,12n,68p,440b,358s stack positions out of 5000i,500n,10000p,200000b,50000s

Output written on huangbingliang.pdf (2 pages).
