mktextfm FangSong_GB2312
mktextfm times
mktextfm times
mktextfm times
mktextfm times
mktextfm times/B
mktextfm times
mktextfm times/I
mktextfm times
mktextfm times/BI
mktextfm times
mktextfm times
mktextfm times/B
mktextfm times
mktextfm times
mktextfm times
mktextfm times
mktextfm times/B
mktextfm times
mktextfm times/I
mktextfm times
mktextfm times/BI
mktextfm times
mktextfm times
mktextfm times/B
mktextfm Monaco
mktextfm Monaco
mktextfm Monaco
mktextfm Monaco
mktextfm Monaco/B
mktextfm Monaco
mktextfm Monaco/I
mktextfm Monaco
mktextfm Monaco/BI
mktextfm Monaco
mktextfm Monaco
mktextfm Monaco
mktextfm Monaco
mktextfm Monaco/B
mktextfm Monaco
mktextfm Monaco/I
mktextfm Monaco
mktextfm Monaco/BI
mktextfm Monaco
mktextfm Monaco
mktextfm Monaco
mktextfm Monaco
mktextfm Monaco/B
mktextfm Monaco
mktextfm Monaco/I
mktextfm Monaco
mktextfm Monaco/BI
mktextfm Monaco
mktextfm Monaco
mktextfm Monaco
mktextfm Monaco
mktextfm Monaco/B
mktextfm Monaco
mktextfm Monaco/I
mktextfm Monaco
mktextfm Monaco/BI
